<?xml version="1.0" encoding="UTF-8"?>
<testng-results skipped="0" failed="0" total="1" passed="1">
  <reporter-output>
  </reporter-output>
  <suite name="Default suite" duration-ms="12924" started-at="2016-07-19T14:54:50Z" finished-at="2016-07-19T14:55:03Z">
    <groups>
    </groups>
    <test name="Default test" duration-ms="12924" started-at="2016-07-19T14:54:50Z" finished-at="2016-07-19T14:55:03Z">
      <class name="com.wordpress.Testcases.VerifyWordpressLoginNew">
        <test-method status="PASS" signature="checkValidUser()[pri:0, instance:com.wordpress.Testcases.VerifyWordpressLoginNew@1efbd816]" name="checkValidUser" duration-ms="12849" started-at="2016-07-19T15:54:50Z" finished-at="2016-07-19T15:55:03Z">
          <reporter-output>
          </reporter-output>
        </test-method> <!-- checkValidUser -->
      </class> <!-- com.wordpress.Testcases.VerifyWordpressLoginNew -->
    </test> <!-- Default test -->
  </suite> <!-- Default suite -->
</testng-results>
